C51 COMPILER V8.05a   ADC                                                                  10/13/2011 15:47:29 PAGE 1   


C51 COMPILER V8.05a, COMPILATION OF MODULE ADC
OBJECT MODULE PLACED IN adc.OBJ
COMPILER INVOKED BY: C:\Keil\C51\BIN\C51.EXE adc.c BROWSE DEBUG OBJECTEXTEND

line level    source

   1          #include "reg24e1.h"
   2          #include <misc.h>
   3          
   4          void adc_init(void)
   5          {
   6   1              //ADCCON = 0x20;                  // Channel 0, NPD=1, ADCRUN=0, EXTREF=0
   7   1              ADCCON = 0x30;                  // Channel 0, NPD=1, ADCRUN=0, EXTREF=1
   8   1              
   9   1              ADCSTATIC &= 0x1c;
  10   1      //      ADCSTATIC |= 0x03;              // 12bit
  11   1              ADCSTATIC |= 0x01;              // 8bit
  12   1      
  13   1              //ADCCON &= ~0x80;                // Start..
  14   1              //ADCCON |= 0x80;                 // ..new conversion
  15   1      }
  16          
  17          int adc_read(char pin)
  18          //char adc_read(char pin)
  19          {
  20   1              //char  tmp;
  21   1              int             value = 0;
  22   1              //char          value = 0;
  23   1      
  24   1              //tmp = ADCCON & 0xf0;                  //select channel        
  25   1              //ADCCON = tmp | (pin & 0x0f);
  26   1              //ADCCON = 0x30 + pin;
  27   1              ADCCON = 0xB0 + pin;    
  28   1      
  29   1              ADCCON &= ~0x80;                                // Start.. CSTARTN ->  LOW
  30   1              ADCCON |= 0x80;                                 // ..new conversion     -> CSTARTN -> HIGH
  31   1              //delay10us(50);
  32   1      
  33   1              while((EXIF & 0x10) == 0);              // Wait until ADC conversion complete
  34   1              EXIF &= ~0x10;                                  // Clear ADC completion bit
  35   1              
  36   1              
  37   1              /*
  38   1              value = ADCDATAH;                                       // Read ADC data
  39   1              value <<= 4;
  40   1              value |= (ADCDATAL >> 4) & 0xf;
  41   1              */
  42   1              
  43   1              /*                                                                      //Read 12 bits ADC
  44   1              value = ( ADCDATAH << 4);
  45   1              value +=  ( ADCDATAH >> 4);
  46   1              */
  47   1      
  48   1      
  49   1              value = ADCDATAH;
  50   1              //ADCCON &= ~0x80;                              // Start..
  51   1              //ADCCON |= 0x80;                                       // ..new conversion
  52   1      
  53   1      
  54   1              return value;
  55   1      }
C51 COMPILER V8.05a   ADC                                                                  10/13/2011 15:47:29 PAGE 2   



MODULE INFORMATION:   STATIC OVERLAYABLE
   CODE SIZE        =     39    ----
   CONSTANT SIZE    =   ----    ----
   XDATA SIZE       =   ----    ----
   PDATA SIZE       =   ----    ----
   DATA SIZE        =   ----    ----
   IDATA SIZE       =   ----    ----
   BIT SIZE         =   ----    ----
END OF MODULE INFORMATION.


C51 COMPILATION COMPLETE.  0 WARNING(S),  0 ERROR(S)
