C51 COMPILER V8.05a   DELAY                                                                10/13/2011 15:47:29 PAGE 1   


C51 COMPILER V8.05a, COMPILATION OF MODULE DELAY
OBJECT MODULE PLACED IN delay.OBJ
COMPILER INVOKED BY: C:\Keil\C51\BIN\C51.EXE delay.c BROWSE DEBUG OBJECTEXTEND

line level    source

   1          // $Id: delay.c,v 1.1 2007/05/09 20:31:57 yoos Exp $
   2          /*
   3           * (C) 2007 The Regents of the University of California. All Rights Reserved.
   4           * Created by Seung-mok Yoo, Department of Electrical Engineering & Computer
   5           * Science
   6           *
   7           * Copyright (C) 2007 The Regents of the University of California. All Rights
   8           * Reserved. Permission to use, copy, modify, and distribute this software and
   9           * its documentation for educational, research and non-profit purposes, without
  10           * fee, and without a written agreement is hereby granted, provided that the
  11           * above copyright notice, this paragraph and the following two paragraphs
  12           * appear in all copies. This software program and documentation are
  13           * copyrighted by The Regents of the University of California ("The University
  14           * of California").
  15           *
  16           * THE SOFTWARE PROGRAM AND DOCUMENTATION ARE SUPPLIED "AS IS," WITHOUT ANY
  17           * ACCOMPANYING SERVICES FROM THE UNIVERSITY OF CALFORNIA. FURTHERMORE, THE
  18           * UNIVERSITY OF CALIFORNIA DOES NOT WARRANT THAT THE OPERATION OF THE PROGRAM
  19           * WILL BE UNINTERRUPTED OR ERROR-FREE. THE END-USER UNDERSTANDS THAT THE
  20           * PROGRAM WAS DEVELOPED FOR RESEARCH PURPOSES AND IS ADVISED NOT TO RELY
  21           * EXCLUSIVELY ON THE PROGRAM FOR ANY REASON.
  22           *
  23           * IN NO EVENT SHALL THE UNIVERSITY OF CALIFORNIA BE LIABLE TO ANY PARTY FOR
  24           * DIRECT, INDIRECT, SPECIAL, INCIDENTAL, OR CONSEQUENTIAL DAMAGES, INCLUDING
  25           * LOST PROFITS, ARISING OUT OF THE USE OF THIS SOFTWARE AND ITS DOCUMENTATION,
  26           * EVEN IF THE UNIVERSITY OF CALIFORNIA HAS BEEN ADVISED OF THE POSSIBILITY OF
  27           * SUCH DAMAGES. THE UNIVERSITY OF CALIFORNIA SPECIFICALLY DISCLAIMS ANY
  28           * WARRANTIES, INCLUDING, BUT NOT LIMITED TO, THE IMPLIED WARRANTIES OF
  29           * MERCHANTABILITY AND FITNESS FOR A PARTICULAR PURPOSE. THE SOFTWARE PROVIDED
  30           * HEREUNDER IS ON AN "AS IS" BASIS, AND THE UNIVERSITY OF CALIFORNIA HAS NO
  31           * OBLIGATIONS TO PROVIDE MAINTENANCE, SUPPORT, UPDATES, ENHANCEMENTS, OR
  32           * MODIFICATIONS. 
  33           */
  34          //
  35          // delay2us(n) takes (2*n + 10)us
  36          // the minimum delay time is 10 us
  37          // the maximum delay time is 520 us
  38          // delay2us() was made for Keil compiler.
  39          //
  40          void _delay2us(volatile unsigned char n)
  41          {
  42   1              volatile char   i;
  43   1      
  44   1              for (i = 0; i < 2; i++);
  45   1              while (n--);
  46   1      } // delay2us
  47          
  48          void delayms(volatile unsigned char n)
  49          {
  50   1              while (n--)
  51   1              {
  52   2                      _delay2us(245);
  53   2                      _delay2us(245);
  54   2              } // while
  55   1      } // delayms
C51 COMPILER V8.05a   DELAY                                                                10/13/2011 15:47:29 PAGE 2   

  56          
  57          /*
  58          void delay10us(volatile unsigned int n)
  59          {
  60                  volatile char   i;
  61          
  62                  while (n--);
  63                          for (i = 0; i < 3; i++);
  64          }
  65          */
  66          /*
  67          void Delay100us(volatile unsigned char n)
  68          {
  69                  volatile char   i;
  70          
  71                  while (n--)
  72                          for (i = 0; i < 25; i++);
  73          } // Delay100us
  74          */


MODULE INFORMATION:   STATIC OVERLAYABLE
   CODE SIZE        =     42    ----
   CONSTANT SIZE    =   ----    ----
   XDATA SIZE       =   ----    ----
   PDATA SIZE       =   ----    ----
   DATA SIZE        =   ----       3
   IDATA SIZE       =   ----    ----
   BIT SIZE         =   ----    ----
END OF MODULE INFORMATION.


C51 COMPILATION COMPLETE.  0 WARNING(S),  0 ERROR(S)
